<?xml version="1.0" encoding="UTF-8"?>
<!-- Generated by org.testng.reporters.JUnitReportReporter -->
<testsuite hostname="DESKTOP-OPRNE34" failures="0" tests="2" name="com.demowebshop.test.DemoWebshopTest" time="5.306" errors="0" timestamp="2025-07-11T16:27:09 IST" skipped="0">
  <testcase classname="com.demowebshop.test.DemoWebshopTest" name="f" time="3.338"/>
  <system-out/>
  <testcase classname="com.demowebshop.test.DemoWebshopTest" name="loginPg" time="1.968"/>
  <system-out/>
</testsuite> <!-- com.demowebshop.test.DemoWebshopTest -->
