<?xml version="1.0" encoding="UTF-8"?>
<!-- Generated by org.testng.reporters.JUnitReportReporter -->
<testsuite hostname="DESKTOP-OPRNE34" failures="0" tests="1" name="com.test.DemoTestNg" time="1.138" errors="0" timestamp="2025-06-27T15:48:19 IST" skipped="0">
  <testcase classname="com.test.DemoTestNg" name="f" time="1.138"/>
  <system-out/>
</testsuite> <!-- com.test.DemoTestNg -->
