<?xml version="1.0" encoding="UTF-8"?>
<!-- Generated by org.testng.reporters.JUnitReportReporter -->
<testsuite hostname="DESKTOP-OPRNE34" failures="0" tests="1" name="log4j.Guru99Log4j" time="0.054" errors="0" timestamp="2025-07-01T20:57:50 IST" skipped="0">
  <testcase classname="log4j.Guru99Log4j" name="f" time="0.054"/>
  <system-out/>
</testsuite> <!-- log4j.Guru99Log4j -->
