<?xml version="1.0" encoding="UTF-8"?>
<!-- Generated by org.testng.reporters.JUnitReportReporter -->
<testsuite hostname="DESKTOP-OPRNE34" failures="0" tests="2" name="log4j.JpetstoreLog4j" time="9.897" errors="0" timestamp="2025-07-02T18:11:27 IST" skipped="0">
  <testcase classname="log4j.JpetstoreLog4j" name="signUp" time="2.956"/>
  <system-out/>
  <testcase classname="log4j.JpetstoreLog4j" name="login" time="6.941"/>
  <system-out/>
</testsuite> <!-- log4j.JpetstoreLog4j -->
