<?xml version="1.0" encoding="UTF-8"?>
<!-- Generated by org.testng.reporters.JUnitReportReporter -->
<testsuite hostname="DESKTOP-OPRNE34" failures="0" tests="1" name="log4j.DemoLog4j" time="3.457" errors="0" timestamp="2025-07-01T19:54:13 IST" skipped="0">
  <testcase classname="log4j.DemoLog4j" name="f" time="3.457"/>
  <system-out/>
</testsuite> <!-- log4j.DemoLog4j -->
