<?xml version="1.0" encoding="UTF-8"?>
<!-- Generated by org.testng.reporters.JUnitReportReporter -->
<testsuite hostname="DESKTOP-OPRNE34" failures="0" tests="1" name="com.testNgListener.MITest" time="2.028" errors="0" timestamp="2025-06-27T19:18:20 IST" skipped="0">
  <testcase classname="com.testNgListener.MITest" name="loginCheck" time="2.028"/>
  <system-out/>
</testsuite> <!-- com.testNgListener.MITest -->
