<?xml version="1.0" encoding="UTF-8"?>
<!-- Generated by org.testng.reporters.JUnitReportReporter -->
<testsuite hostname="DESKTOP-OPRNE34" failures="0" tests="1" name="com.testNgListener.Log4jDemo" time="1.798" errors="0" timestamp="2025-07-01T11:18:57 IST" skipped="0">
  <testcase classname="com.testNgListener.Log4jDemo" name="loginCheck" time="1.798"/>
  <system-out/>
</testsuite> <!-- com.testNgListener.Log4jDemo -->
