<?xml version="1.0" encoding="UTF-8"?>
<!-- Generated by org.testng.reporters.JUnitReportReporter -->
<testsuite hostname="DESKTOP-OPRNE34" failures="0" tests="2" name="TestDependency.Demo" time="0.017" errors="0" timestamp="2025-06-23T22:05:32 IST" skipped="0">
  <testcase classname="TestDependency.Demo" name="m2" time="0.012"/>
  <testcase classname="TestDependency.Demo" name="m1" time="0.005"/>
</testsuite> <!-- TestDependency.Demo -->
