<?xml version="1.0" encoding="UTF-8"?>
<!-- Generated by org.testng.reporters.JUnitReportReporter -->
<testsuite hostname="DESKTOP-OPRNE34" failures="0" tests="2" name="dataProvider.IndexPage" time="5.996" errors="0" timestamp="2025-06-24T19:00:13 IST" skipped="0">
  <testcase classname="dataProvider.IndexPage" name="loginCheck" time="3.090"/>
  <testcase classname="dataProvider.IndexPage" name="loginCheck" time="2.906"/>
</testsuite> <!-- dataProvider.IndexPage -->
