<?xml version="1.0" encoding="UTF-8"?>
<!-- Generated by org.testng.reporters.JUnitReportReporter -->
<testsuite hostname="DESKTOP-OPRNE34" failures="0" tests="6" name="testNGProjectFirst.DemoWebShop" time="28.066" errors="0" timestamp="2025-06-25T18:28:57 IST" skipped="0">
  <testcase classname="testNGProjectFirst.DemoWebShop" name="register" time="3.238"/>
  <testcase classname="testNGProjectFirst.DemoWebShop" name="userLogin" time="4.505"/>
  <testcase classname="testNGProjectFirst.DemoWebShop" name="addToCartProduct" time="9.047"/>
  <testcase classname="testNGProjectFirst.DemoWebShop" name="billingAdd" time="3.054"/>
  <testcase classname="testNGProjectFirst.DemoWebShop" name="continuePaymentProcess" time="4.913"/>
  <testcase classname="testNGProjectFirst.DemoWebShop" name="OrderDetail" time="3.309"/>
</testsuite> <!-- testNGProjectFirst.DemoWebShop -->
