<?xml version="1.0" encoding="UTF-8"?>
<!-- Generated by org.testng.reporters.JUnitReportReporter -->
<testsuite hostname="DESKTOP-OPRNE34" failures="0" tests="1" name="xmlLevelExcecution.PackageLevel" time="2.114" errors="0" timestamp="2025-06-20T18:22:08 IST" skipped="0">
  <testcase classname="xmlLevelExcecution.PackageLevel" name="loginCheck" time="2.114"/>
</testsuite> <!-- xmlLevelExcecution.PackageLevel -->
