<?xml version="1.0" encoding="UTF-8"?>
<!-- Generated by org.testng.reporters.JUnitReportReporter -->
<testsuite hostname="DESKTOP-OPRNE34" failures="0" tests="2" name="dataProvider.Demo" time="19.896" errors="0" timestamp="2025-06-24T18:53:52 IST" skipped="0">
  <testcase classname="dataProvider.Demo" name="f" time="10.915"/>
  <testcase classname="dataProvider.Demo" name="f" time="8.981"/>
</testsuite> <!-- dataProvider.Demo -->
