<?xml version="1.0" encoding="UTF-8"?>
<!-- Generated by org.testng.reporters.JUnitReportReporter -->
<testsuite hostname="DESKTOP-OPRNE34" failures="0" tests="4" name="com.priority.WithSamePriority" time="0.028" errors="0" timestamp="2025-06-20T18:22:08 IST" skipped="0">
  <testcase classname="com.priority.WithSamePriority" name="add" time="0.004"/>
  <testcase classname="com.priority.WithSamePriority" name="sub" time="0.010"/>
  <testcase classname="com.priority.WithSamePriority" name="div" time="0.002"/>
  <testcase classname="com.priority.WithSamePriority" name="mult" time="0.012"/>
</testsuite> <!-- com.priority.WithSamePriority -->
