<?xml version="1.0" encoding="UTF-8"?>
<!-- Generated by org.testng.reporters.JUnitReportReporter -->
<testsuite hostname="DESKTOP-OPRNE34" failures="0" tests="4" name="com.priority.DefaultPriority" time="0.054" errors="0" timestamp="2025-06-20T18:22:08 IST" skipped="0">
  <testcase classname="com.priority.DefaultPriority" name="add" time="0.015"/>
  <testcase classname="com.priority.DefaultPriority" name="mult" time="0.020"/>
  <testcase classname="com.priority.DefaultPriority" name="div" time="0.016"/>
  <testcase classname="com.priority.DefaultPriority" name="sub" time="0.003"/>
</testsuite> <!-- com.priority.DefaultPriority -->
