<?xml version="1.0" encoding="UTF-8"?>
<!-- Generated by org.testng.reporters.JUnitReportReporter -->
<testsuite hostname="DESKTOP-OPRNE34" failures="0" tests="1" name="testNgAssert.VerifyFieldsName" time="0.069" errors="0" timestamp="2025-07-01T18:00:29 IST" skipped="0">
  <testcase classname="testNgAssert.VerifyFieldsName" name="f" time="0.069"/>
</testsuite> <!-- testNgAssert.VerifyFieldsName -->
