<?xml version="1.0" encoding="UTF-8"?>
<!-- Generated by org.testng.reporters.JUnitReportReporter -->
<testsuite hostname="DESKTOP-OPRNE34" failures="0" tests="1" name="PracticeSeeison.MultipleWindowsHandling" time="10.097" errors="0" timestamp="2025-06-24T16:36:19 IST" skipped="0">
  <testcase classname="PracticeSeeison.MultipleWindowsHandling" name="f" time="10.097"/>
</testsuite> <!-- PracticeSeeison.MultipleWindowsHandling -->
