<?xml version="1.0" encoding="UTF-8"?>
<!-- Generated by org.testng.reporters.JUnitReportReporter -->
<testsuite hostname="DESKTOP-OPRNE34" failures="0" tests="4" name="com.priority.Demo" time="0.056" errors="0" timestamp="2025-06-20T18:22:08 IST" skipped="0">
  <testcase classname="com.priority.Demo" name="add" time="0.017"/>
  <testcase classname="com.priority.Demo" name="mult" time="0.020"/>
  <testcase classname="com.priority.Demo" name="sub" time="0.005"/>
  <testcase classname="com.priority.Demo" name="div" time="0.014"/>
</testsuite> <!-- com.priority.Demo -->
