<?xml version="1.0" encoding="UTF-8"?>
<!-- Generated by org.testng.reporters.JUnitReportReporter -->
<testsuite hostname="DESKTOP-OPRNE34" failures="0" tests="4" name="com.priority.WithPositive" time="0.021" errors="0" timestamp="2025-06-20T18:22:08 IST" skipped="0">
  <testcase classname="com.priority.WithPositive" name="add" time="0.002"/>
  <testcase classname="com.priority.WithPositive" name="sub" time="0.013"/>
  <testcase classname="com.priority.WithPositive" name="mult" time="0.003"/>
  <testcase classname="com.priority.WithPositive" name="div" time="0.003"/>
</testsuite> <!-- com.priority.WithPositive -->
