<?xml version="1.0" encoding="UTF-8"?>
<!-- Generated by org.testng.reporters.JUnitReportReporter -->
<testsuite hostname="DESKTOP-OPRNE34" failures="0" tests="4" name="com.testNg.DefaultParameter" time="0.035" errors="0" timestamp="2025-06-19T18:21:39 IST" skipped="0">
  <testcase classname="com.testNg.DefaultParameter" name="sub" time="0.008"/>
  <testcase classname="com.testNg.DefaultParameter" name="Div" time="0.016"/>
  <testcase classname="com.testNg.DefaultParameter" name="Mult" time="0.007"/>
  <testcase classname="com.testNg.DefaultParameter" name="add" time="0.004"/>
</testsuite> <!-- com.testNg.DefaultParameter -->
