<?xml version="1.0" encoding="UTF-8"?>
<!-- Generated by org.testng.reporters.JUnitReportReporter -->
<testsuite hostname="DESKTOP-OPRNE34" failures="0" tests="4" name="com.priority.WithPositiveNegative" time="0.123" errors="0" timestamp="2025-06-20T18:22:08 IST" skipped="0">
  <testcase classname="com.priority.WithPositiveNegative" name="div" time="0.117"/>
  <testcase classname="com.priority.WithPositiveNegative" name="mult" time="0.001"/>
  <testcase classname="com.priority.WithPositiveNegative" name="add" time="0.003"/>
  <testcase classname="com.priority.WithPositiveNegative" name="sub" time="0.002"/>
</testsuite> <!-- com.priority.WithPositiveNegative -->
