<?xml version="1.0" encoding="UTF-8"?>
<!-- Generated by org.testng.reporters.JUnitReportReporter -->
<testsuite hostname="DESKTOP-OPRNE34" failures="0" tests="3" name="TestDependency.DemoSkip" time="0.018" errors="0" timestamp="2025-06-23T22:10:56 IST" skipped="2">
  <testcase classname="TestDependency.DemoSkip" name="m3" time="0.018"/>
  <testcase classname="TestDependency.DemoSkip" name="m2">
    <skipped/>
  </testcase> <!-- m2 -->
  <testcase classname="TestDependency.DemoSkip" name="m1">
    <skipped/>
  </testcase> <!-- m1 -->
</testsuite> <!-- TestDependency.DemoSkip -->
