<?xml version="1.0" encoding="UTF-8"?>
<!-- Generated by org.testng.reporters.JUnitReportReporter -->
<testsuite hostname="DESKTOP-OPRNE34" failures="0" tests="2" name="dataProvider.FacebookPage" time="8.506" errors="0" timestamp="2025-06-24T18:33:52 IST" skipped="0">
  <testcase classname="dataProvider.FacebookPage" name="loginCheck" time="4.525"/>
  <testcase classname="dataProvider.FacebookPage" name="loginCheck" time="3.981"/>
</testsuite> <!-- dataProvider.FacebookPage -->
